[20:57:00] [ServerMain/INFO]: Building unoptimized datafixer
[20:57:01] [ServerMain/INFO]: Environment: authHost='https://authserver.mojang.com', accountsHost='https://api.mojang.com', sessionHost='https://sessionserver.mojang.com', servicesHost='https://api.minecraftservices.com', name='PROD'
[20:57:01] [ServerMain/INFO]: Found new data pack file/bukkit, loading it automatically
[20:57:02] [ServerMain/INFO]: Loaded 7 recipes
[20:57:03] [Server thread/INFO]: Starting minecraft server version 1.19
[20:57:03] [Server thread/INFO]: Loading properties
[20:57:03] [Server thread/INFO]: This server is running CraftBukkit version 3521-Spigot-1dffefb-cc7edd6 (MC: 1.19) (Implementing API version 1.19-R0.1-SNAPSHOT)
[20:57:03] [Server thread/INFO]: Debug logging is disabled
[20:57:03] [Server thread/INFO]: Server Ping Player Sample Count: 12
[20:57:03] [Server thread/INFO]: Using 4 threads for Netty based IO
[20:57:03] [Server thread/INFO]: Default game type: SURVIVAL
[20:57:03] [Server thread/INFO]: Generating keypair
[20:57:03] [Server thread/INFO]: Starting Minecraft server on *:25565
[20:57:03] [Server thread/INFO]: Using default channel type
[20:57:03] [Server thread/INFO]: Preparing level "world"
[20:57:03] [Server thread/INFO]: -------- World Settings For [world] --------
[20:57:03] [Server thread/INFO]: View Distance: 10
[20:57:03] [Server thread/INFO]: Simulation Distance: 10
[20:57:03] [Server thread/INFO]: Allow Zombie Pigmen to spawn from portal blocks: true
[20:57:03] [Server thread/INFO]: Item Despawn Rate: 6000
[20:57:03] [Server thread/INFO]: Item Merge Radius: 2.5
[20:57:03] [Server thread/INFO]: Arrow Despawn Rate: 1200 Trident Respawn Rate:1200
[20:57:03] [Server thread/INFO]: Nerfing mobs spawned from spawners: false
[20:57:03] [Server thread/INFO]: Zombie Aggressive Towards Villager: true
[20:57:03] [Server thread/INFO]: Experience Merge Radius: 3.0
[20:57:03] [Server thread/INFO]: Mob Spawn Range: 6
[20:57:03] [Server thread/INFO]: Cactus Growth Modifier: 100%
[20:57:03] [Server thread/INFO]: Cane Growth Modifier: 100%
[20:57:03] [Server thread/INFO]: Melon Growth Modifier: 100%
[20:57:03] [Server thread/INFO]: Mushroom Growth Modifier: 100%
[20:57:03] [Server thread/INFO]: Pumpkin Growth Modifier: 100%
[20:57:03] [Server thread/INFO]: Sapling Growth Modifier: 100%
[20:57:03] [Server thread/INFO]: Beetroot Growth Modifier: 100%
[20:57:03] [Server thread/INFO]: Carrot Growth Modifier: 100%
[20:57:03] [Server thread/INFO]: Potato Growth Modifier: 100%
[20:57:03] [Server thread/INFO]: Wheat Growth Modifier: 100%
[20:57:03] [Server thread/INFO]: NetherWart Growth Modifier: 100%
[20:57:03] [Server thread/INFO]: Vine Growth Modifier: 100%
[20:57:03] [Server thread/INFO]: Cocoa Growth Modifier: 100%
[20:57:03] [Server thread/INFO]: Bamboo Growth Modifier: 100%
[20:57:03] [Server thread/INFO]: SweetBerry Growth Modifier: 100%
[20:57:03] [Server thread/INFO]: Kelp Growth Modifier: 100%
[20:57:03] [Server thread/INFO]: Entity Tracking Range: Pl 48 / An 48 / Mo 48 / Mi 32 / Other 64
[20:57:03] [Server thread/INFO]: Hopper Transfer: 8 Hopper Check: 1 Hopper Amount: 1
[20:57:03] [Server thread/INFO]: Entity Activation Range: An 32 / Mo 32 / Ra 48 / Mi 16 / Tiv true / Isa false
[20:57:03] [Server thread/INFO]: Custom Map Seeds:  Village: 10387312 Desert: 14357617 Igloo: 14357618 Jungle: 14357619 Swamp: 14357620 Monument: 10387313 Ocean: 14357621 Shipwreck: 165745295 End City: 10387313 Slime: 987234911 Nether: 30084232 Mansion: 10387319 Fossil: 14357921 Portal: 34222645
[20:57:03] [Server thread/INFO]: Tile Max Tick Time: 50ms Entity max Tick Time: 50ms
[20:57:03] [Server thread/INFO]: Max TNT Explosions: 100
[20:57:18] [Server thread/INFO]: -------- World Settings For [world_nether] --------
[20:57:18] [Server thread/INFO]: View Distance: 10
[20:57:18] [Server thread/INFO]: Simulation Distance: 10
[20:57:18] [Server thread/INFO]: Allow Zombie Pigmen to spawn from portal blocks: true
[20:57:18] [Server thread/INFO]: Item Despawn Rate: 6000
[20:57:18] [Server thread/INFO]: Item Merge Radius: 2.5
[20:57:18] [Server thread/INFO]: Arrow Despawn Rate: 1200 Trident Respawn Rate:1200
[20:57:18] [Server thread/INFO]: Nerfing mobs spawned from spawners: false
[20:57:18] [Server thread/INFO]: Zombie Aggressive Towards Villager: true
[20:57:18] [Server thread/INFO]: Experience Merge Radius: 3.0
[20:57:18] [Server thread/INFO]: Mob Spawn Range: 6
[20:57:18] [Server thread/INFO]: Cactus Growth Modifier: 100%
[20:57:18] [Server thread/INFO]: Cane Growth Modifier: 100%
[20:57:18] [Server thread/INFO]: Melon Growth Modifier: 100%
[20:57:18] [Server thread/INFO]: Mushroom Growth Modifier: 100%
[20:57:18] [Server thread/INFO]: Pumpkin Growth Modifier: 100%
[20:57:18] [Server thread/INFO]: Sapling Growth Modifier: 100%
[20:57:18] [Server thread/INFO]: Beetroot Growth Modifier: 100%
[20:57:18] [Server thread/INFO]: Carrot Growth Modifier: 100%
[20:57:18] [Server thread/INFO]: Potato Growth Modifier: 100%
[20:57:18] [Server thread/INFO]: Wheat Growth Modifier: 100%
[20:57:18] [Server thread/INFO]: NetherWart Growth Modifier: 100%
[20:57:18] [Server thread/INFO]: Vine Growth Modifier: 100%
[20:57:18] [Server thread/INFO]: Cocoa Growth Modifier: 100%
[20:57:18] [Server thread/INFO]: Bamboo Growth Modifier: 100%
[20:57:18] [Server thread/INFO]: SweetBerry Growth Modifier: 100%
[20:57:18] [Server thread/INFO]: Kelp Growth Modifier: 100%
[20:57:18] [Server thread/INFO]: Entity Tracking Range: Pl 48 / An 48 / Mo 48 / Mi 32 / Other 64
[20:57:18] [Server thread/INFO]: Hopper Transfer: 8 Hopper Check: 1 Hopper Amount: 1
[20:57:18] [Server thread/INFO]: Entity Activation Range: An 32 / Mo 32 / Ra 48 / Mi 16 / Tiv true / Isa false
[20:57:18] [Server thread/INFO]: Custom Map Seeds:  Village: 10387312 Desert: 14357617 Igloo: 14357618 Jungle: 14357619 Swamp: 14357620 Monument: 10387313 Ocean: 14357621 Shipwreck: 165745295 End City: 10387313 Slime: 987234911 Nether: 30084232 Mansion: 10387319 Fossil: 14357921 Portal: 34222645
[20:57:18] [Server thread/INFO]: Tile Max Tick Time: 50ms Entity max Tick Time: 50ms
[20:57:18] [Server thread/INFO]: Max TNT Explosions: 100
[20:57:20] [Server thread/INFO]: -------- World Settings For [world_the_end] --------
[20:57:20] [Server thread/INFO]: View Distance: 10
[20:57:20] [Server thread/INFO]: Simulation Distance: 10
[20:57:20] [Server thread/INFO]: Allow Zombie Pigmen to spawn from portal blocks: true
[20:57:20] [Server thread/INFO]: Item Despawn Rate: 6000
[20:57:20] [Server thread/INFO]: Item Merge Radius: 2.5
[20:57:20] [Server thread/INFO]: Arrow Despawn Rate: 1200 Trident Respawn Rate:1200
[20:57:20] [Server thread/INFO]: Nerfing mobs spawned from spawners: false
[20:57:20] [Server thread/INFO]: Zombie Aggressive Towards Villager: true
[20:57:20] [Server thread/INFO]: Experience Merge Radius: 3.0
[20:57:20] [Server thread/INFO]: Mob Spawn Range: 6
[20:57:20] [Server thread/INFO]: Cactus Growth Modifier: 100%
[20:57:20] [Server thread/INFO]: Cane Growth Modifier: 100%
[20:57:20] [Server thread/INFO]: Melon Growth Modifier: 100%
[20:57:20] [Server thread/INFO]: Mushroom Growth Modifier: 100%
[20:57:20] [Server thread/INFO]: Pumpkin Growth Modifier: 100%
[20:57:20] [Server thread/INFO]: Sapling Growth Modifier: 100%
[20:57:20] [Server thread/INFO]: Beetroot Growth Modifier: 100%
[20:57:20] [Server thread/INFO]: Carrot Growth Modifier: 100%
[20:57:20] [Server thread/INFO]: Potato Growth Modifier: 100%
[20:57:20] [Server thread/INFO]: Wheat Growth Modifier: 100%
[20:57:20] [Server thread/INFO]: NetherWart Growth Modifier: 100%
[20:57:20] [Server thread/INFO]: Vine Growth Modifier: 100%
[20:57:20] [Server thread/INFO]: Cocoa Growth Modifier: 100%
[20:57:20] [Server thread/INFO]: Bamboo Growth Modifier: 100%
[20:57:20] [Server thread/INFO]: SweetBerry Growth Modifier: 100%
[20:57:20] [Server thread/INFO]: Kelp Growth Modifier: 100%
[20:57:20] [Server thread/INFO]: Entity Tracking Range: Pl 48 / An 48 / Mo 48 / Mi 32 / Other 64
[20:57:20] [Server thread/INFO]: Hopper Transfer: 8 Hopper Check: 1 Hopper Amount: 1
[20:57:20] [Server thread/INFO]: Entity Activation Range: An 32 / Mo 32 / Ra 48 / Mi 16 / Tiv true / Isa false
[20:57:20] [Server thread/INFO]: Custom Map Seeds:  Village: 10387312 Desert: 14357617 Igloo: 14357618 Jungle: 14357619 Swamp: 14357620 Monument: 10387313 Ocean: 14357621 Shipwreck: 165745295 End City: 10387313 Slime: 987234911 Nether: 30084232 Mansion: 10387319 Fossil: 14357921 Portal: 34222645
[20:57:20] [Server thread/INFO]: Tile Max Tick Time: 50ms Entity max Tick Time: 50ms
[20:57:20] [Server thread/INFO]: Max TNT Explosions: 100
[20:57:21] [Server thread/INFO]: Preparing start region for dimension minecraft:overworld
[20:57:22] [Worker-Main-8/INFO]: Preparing spawn area: 0%
[20:57:22] [Worker-Main-6/INFO]: Preparing spawn area: 0%
[20:57:22] [Worker-Main-6/INFO]: Preparing spawn area: 0%
[20:57:22] [Worker-Main-6/INFO]: Preparing spawn area: 0%
[20:57:23] [Worker-Main-1/INFO]: Preparing spawn area: 0%
[20:57:24] [Worker-Main-5/INFO]: Preparing spawn area: 1%
[20:57:24] [Worker-Main-4/INFO]: Preparing spawn area: 1%
[20:57:24] [Worker-Main-11/INFO]: Preparing spawn area: 4%
[20:57:25] [Worker-Main-10/INFO]: Preparing spawn area: 6%
[20:57:25] [Worker-Main-11/INFO]: Preparing spawn area: 7%
[20:57:26] [Worker-Main-6/INFO]: Preparing spawn area: 10%
[20:57:26] [Worker-Main-7/INFO]: Preparing spawn area: 12%
[20:57:27] [Worker-Main-3/INFO]: Preparing spawn area: 16%
[20:57:27] [Worker-Main-10/INFO]: Preparing spawn area: 17%
[20:57:28] [Worker-Main-7/INFO]: Preparing spawn area: 21%
[20:57:28] [Worker-Main-4/INFO]: Preparing spawn area: 24%
[20:57:29] [Worker-Main-9/INFO]: Preparing spawn area: 28%
[20:57:29] [Worker-Main-2/INFO]: Preparing spawn area: 32%
[20:57:30] [Worker-Main-2/INFO]: Preparing spawn area: 34%
[20:57:30] [Worker-Main-3/INFO]: Preparing spawn area: 39%
[20:57:31] [Worker-Main-1/INFO]: Preparing spawn area: 43%
[20:57:31] [Worker-Main-10/INFO]: Preparing spawn area: 45%
[20:57:32] [Worker-Main-11/INFO]: Preparing spawn area: 49%
[20:57:32] [Worker-Main-5/INFO]: Preparing spawn area: 54%
[20:57:33] [Worker-Main-6/INFO]: Preparing spawn area: 55%
[20:57:33] [Worker-Main-4/INFO]: Preparing spawn area: 59%
[20:57:34] [Worker-Main-9/INFO]: Preparing spawn area: 65%
[20:57:34] [Worker-Main-6/INFO]: Preparing spawn area: 69%
[20:57:35] [Worker-Main-5/INFO]: Preparing spawn area: 72%
[20:57:35] [Worker-Main-4/INFO]: Preparing spawn area: 78%
[20:57:36] [Worker-Main-6/INFO]: Preparing spawn area: 83%
[20:57:36] [Worker-Main-7/INFO]: Preparing spawn area: 86%
[20:57:37] [Worker-Main-5/INFO]: Preparing spawn area: 89%
[20:57:37] [Worker-Main-1/INFO]: Preparing spawn area: 94%
[20:57:38] [Server thread/INFO]: Time elapsed: 16963 ms
[20:57:38] [Server thread/INFO]: Preparing start region for dimension minecraft:the_nether
[20:57:38] [Worker-Main-8/INFO]: Preparing spawn area: 0%
[20:57:38] [Worker-Main-10/INFO]: Preparing spawn area: 0%
[20:57:39] [Worker-Main-5/INFO]: Preparing spawn area: 1%
[20:57:39] [Worker-Main-1/INFO]: Preparing spawn area: 4%
[20:57:40] [Worker-Main-9/INFO]: Preparing spawn area: 6%
[20:57:40] [Worker-Main-7/INFO]: Preparing spawn area: 9%
[20:57:41] [Worker-Main-3/INFO]: Preparing spawn area: 13%
[20:57:41] [Worker-Main-2/INFO]: Preparing spawn area: 15%
[20:57:42] [Worker-Main-2/INFO]: Preparing spawn area: 21%
[20:57:42] [Worker-Main-7/INFO]: Preparing spawn area: 24%
[20:57:43] [Worker-Main-5/INFO]: Preparing spawn area: 29%
[20:57:43] [Worker-Main-11/INFO]: Preparing spawn area: 33%
[20:57:44] [Worker-Main-1/INFO]: Preparing spawn area: 38%
[20:57:44] [Worker-Main-9/INFO]: Preparing spawn area: 43%
[20:57:45] [Worker-Main-3/INFO]: Preparing spawn area: 48%
[20:57:45] [Worker-Main-11/INFO]: Preparing spawn area: 54%
[20:57:46] [Worker-Main-7/INFO]: Preparing spawn area: 57%
[20:57:46] [Worker-Main-10/INFO]: Preparing spawn area: 62%
[20:57:47] [Worker-Main-7/INFO]: Preparing spawn area: 68%
[20:57:47] [Worker-Main-5/INFO]: Preparing spawn area: 73%
[20:57:48] [Worker-Main-2/INFO]: Preparing spawn area: 78%
[20:57:48] [Worker-Main-3/INFO]: Preparing spawn area: 84%
[20:57:49] [Worker-Main-9/INFO]: Preparing spawn area: 88%
[20:57:49] [Worker-Main-10/INFO]: Preparing spawn area: 95%
[20:57:50] [Server thread/INFO]: Time elapsed: 11881 ms
[20:57:50] [Server thread/INFO]: Preparing start region for dimension minecraft:the_end
[20:57:50] [Worker-Main-9/INFO]: Preparing spawn area: 0%
[20:57:50] [Worker-Main-8/INFO]: Preparing spawn area: 2%
[20:57:51] [Worker-Main-8/INFO]: Preparing spawn area: 36%
[20:57:51] [Server thread/INFO]: Time elapsed: 1491 ms
[20:57:51] [Server thread/INFO]: Done (48.061s)! For help, type "help"
[20:57:57] [Server thread/INFO]: Unknown command. Type "/help" for help.[m
[20:58:01] [Server thread/INFO]: [0;33;22mTPS from last 1m, 5m, 15m: [0;32;1m*20.0, [0;32;1m*20.0, [0;32;1m*20.0[m
[20:58:01] [Server thread/INFO]: [0;33;22mCurrent Memory Usage: [0;32;1m1084/2048 mb (Max: 2048 mb)[m
[20:58:14] [Server thread/INFO]: Stopping the server
[20:58:14] [Server thread/INFO]: Stopping server
[20:58:14] [Server thread/INFO]: Saving players
[20:58:14] [Server thread/INFO]: Saving worlds
[20:58:16] [Server thread/INFO]: Saving chunks for level 'ServerLevel[world]'/minecraft:overworld
[20:58:32] [Server thread/INFO]: Saving chunks for level 'ServerLevel[world_nether]'/minecraft:the_nether
[20:58:34] [Server thread/INFO]: Saving chunks for level 'ServerLevel[world_the_end]'/minecraft:the_end
[20:58:35] [Server thread/INFO]: ThreadedAnvilChunkStorage (world): All chunks are saved
[20:58:35] [Server thread/INFO]: ThreadedAnvilChunkStorage (DIM-1): All chunks are saved
[20:58:35] [Server thread/INFO]: ThreadedAnvilChunkStorage (DIM1): All chunks are saved
[20:58:35] [Server thread/INFO]: ThreadedAnvilChunkStorage: All dimensions are saved
